\BOOKMARK [0][-]{dummy.1}{\376\377\000D\000e\000c\000l\000a\000r\000a\000t\000i\000o\000n\000\040\000o\000f\000\040\000A\000u\000t\000h\000o\000r\000s\000h\000i\000p}{}% 1
\BOOKMARK [0][-]{dummy.2}{\376\377\000A\000b\000s\000t\000r\000a\000c\000t}{}% 2
\BOOKMARK [0][-]{dummy.3}{\376\377\000A\000c\000k\000n\000o\000w\000l\000e\000d\000g\000e\000m\000e\000n\000t\000s}{}% 3
\BOOKMARK [0][-]{dummy.5}{\376\377\000L\000i\000s\000t\000\040\000o\000f\000\040\000F\000i\000g\000u\000r\000e\000s}{}% 4
\BOOKMARK [0][-]{dummy.7}{\376\377\000L\000i\000s\000t\000\040\000o\000f\000\040\000T\000a\000b\000l\000e\000s}{}% 5
\BOOKMARK [0][-]{chapter.9}{\376\377\0001\000\040\000I\000n\000t\000r\000o\000d\000u\000c\000t\000i\000o\000n}{}% 6
\BOOKMARK [1][-]{section.10}{\376\377\0001\000.\0001\000\040\000B\000a\000c\000k\000g\000r\000o\000u\000n\000d\000\040\000m\000o\000t\000i\000v\000a\000t\000i\000o\000n\000\040\000a\000n\000d\000\040\000n\000e\000e\000d\000\040\000f\000o\000r\000\040\000t\000h\000i\000s\000\040\000s\000u\000r\000v\000e\000y\000\040\000s\000t\000u\000d\000y}{chapter.9}% 7
\BOOKMARK [1][-]{section.11}{\376\377\0001\000.\0002\000\040\000R\000e\000l\000a\000t\000e\000d\000\040\000W\000o\000r\000k}{chapter.9}% 8
\BOOKMARK [1][-]{section.12}{\376\377\0001\000.\0003\000\040\000M\000o\000d\000e\000l\000l\000i\000n\000g\000\040\000a\000n\000d\000\040\000S\000y\000s\000t\000e\000m\000\040\000I\000d\000e\000n\000t\000i\000f\000i\000c\000a\000t\000i\000o\000n}{chapter.9}% 9
\BOOKMARK [1][-]{section.19}{\376\377\0001\000.\0004\000\040\000A\000v\000o\000i\000d\000i\000n\000g\000\040\000O\000b\000s\000t\000a\000c\000l\000e\000s}{chapter.9}% 10
\BOOKMARK [1][-]{section.20}{\376\377\0001\000.\0005\000\040\000S\000a\000f\000e\000t\000y\000\040\000o\000f\000\040\000t\000h\000e\000\040\000E\000n\000t\000i\000r\000e\000\040\000T\000r\000a\000j\000e\000c\000t\000o\000r\000y}{chapter.9}% 11
\BOOKMARK [0][-]{chapter.23}{\376\377\0002\000\040\000T\000e\000c\000h\000n\000i\000c\000a\000l\000\040\000A\000p\000p\000r\000o\000a\000c\000h}{}% 12
\BOOKMARK [1][-]{section.27}{\376\377\0002\000.\0001\000\040\000G\000e\000n\000e\000r\000a\000t\000i\000n\000g\000\040\000C\000o\000n\000v\000e\000x\000\040\000R\000e\000g\000i\000o\000n\000s\000\040\000o\000f\000\040\000S\000a\000f\000e\000\040\000S\000p\000a\000c\000e}{chapter.23}% 13
\BOOKMARK [1][-]{section.28}{\376\377\0002\000.\0002\000\040\000S\000e\000a\000r\000c\000h\000i\000n\000g\000\040\000o\000v\000e\000r\000\040\000A\000s\000s\000i\000g\000n\000m\000e\000n\000t\000s\000\040\000o\000f\000\040\000P\000o\000l\000y\000n\000o\000m\000i\000a\000l\000s\000\040\000t\000o\000\040\000R\000e\000g\000i\000o\000n\000s}{chapter.23}% 14
\BOOKMARK [1][-]{section.31}{\376\377\0002\000.\0003\000\040\000R\000e\000s\000t\000r\000i\000c\000t\000i\000n\000g\000\040\000a\000\040\000P\000o\000l\000y\000n\000o\000m\000i\000a\000l\000\040\000t\000o\000\040\000a\000\040\000P\000o\000l\000y\000t\000o\000p\000e}{chapter.23}% 15
\BOOKMARK [1][-]{section.46}{\376\377\0002\000.\0004\000\040\000C\000h\000o\000o\000s\000i\000n\000g\000\040\000O\000b\000j\000e\000c\000t\000i\000v\000e\000\040\000F\000u\000n\000c\000t\000i\000o\000n}{chapter.23}% 16
\BOOKMARK [1][-]{section.59}{\376\377\0002\000.\0005\000\040\000H\000a\000n\000d\000l\000i\000n\000g\000\040\000L\000o\000w\000e\000r\000-\000D\000e\000g\000r\000e\000e\000\040\000T\000r\000a\000j\000e\000c\000t\000o\000r\000i\000e\000s}{chapter.23}% 17
\BOOKMARK [1][-]{section.60}{\376\377\0002\000.\0006\000\040\000C\000o\000m\000p\000l\000e\000t\000e\000\040\000F\000o\000r\000m\000u\000l\000a\000t\000i\000o\000n}{chapter.23}% 18
\BOOKMARK [0][-]{chapter.64}{\376\377\0003\000\040\000C\000o\000n\000c\000l\000u\000s\000i\000o\000n}{}% 19
\BOOKMARK [1][-]{section.65}{\376\377\0003\000.\0001\000\040\000L\000i\000m\000i\000t\000a\000t\000i\000o\000n\000s}{chapter.64}% 20
\BOOKMARK [1][-]{section.66}{\376\377\0003\000.\0002\000\040\000F\000u\000t\000u\000r\000e\000\040\000W\000o\000r\000k}{chapter.64}% 21
\BOOKMARK [0][-]{appendix.67}{\376\377\000A\000\040\000A\000n\000\040\000A\000p\000p\000e\000n\000d\000i\000x}{}% 22
\BOOKMARK [0][-]{dummy.68}{\376\377\000B\000i\000b\000l\000i\000o\000g\000r\000a\000p\000h\000y}{}% 23
